<?xml version="1.0" encoding="utf-8"?><testsuites><testsuite name="pytest" errors="0" failures="0" skipped="0" tests="104" time="57.723" timestamp="2026-08-21T00:15:36.275879" hostname="peace"><testcase classname="tests.e2e.test_login_ui" name="test_login_ui_success[chromium]" time="3.144" /><testcase classname="tests.test_api_store_webhooks.TestAPI" name="test_api_info_supports_envelope" time="0.236" /><testcase classname="tests.test_api_store_webhooks.TestAPI" name="test_api_current_user_requires_auth" time="0.283" /><testcase classname="tests.test_api_store_webhooks.TestAPI" name="test_api_current_user_accepts_valid_api_key" time="0.421" /><testcase classname="tests.test_api_store_webhooks.TestAPI" name="test_api_unknown_route_returns_json_404" time="0.274" /><testcase classname="tests.test_api_store_webhooks.TestStore" name="test_store_home_loads" time="0.358" /><testcase classname="tests.test_api_store_webhooks.TestStore" name="test_store_payment_creates_customer_charge_and_user" time="0.400" /><testcase classname="tests.test_api_store_webhooks.TestStripeWebhooks" name="test_subscription_deleted_downgrades_team" time="0.286" /><testcase classname="tests.test_api_store_webhooks.TestStripeWebhooks" name="test_subscription_created_sets_plan_and_customer" time="0.302" /><testcase classname="tests.test_api_store_webhooks.TestStripeWebhooks" name="test_subscription_updated_with_cancelled_downgrades_team" time="0.283" /><testcase classname="tests.test_api_store_webhooks.TestStripeWebhooks" name="test_checkout_completed_sets_subscription_on_team" time="0.289" /><testcase classname="tests.test_api_store_webhooks.TestStripeWebhooks" name="test_checkout_completed_with_unknown_team_returns_question_mark" time="0.347" /><testcase classname="tests.test_auth_extra.TestAuthAdditionalFlows" name="test_confirm_invalid_token_404" time="0.342" /><testcase classname="tests.test_auth_extra.TestAuthAdditionalFlows" name="test_confirm_email_logged_out_redirects_login" time="0.281" /><testcase classname="tests.test_auth_extra.TestAuthAdditionalFlows" name="test_confirm_email_logged_in_redirects_dashboard" time="0.535" /><testcase classname="tests.test_auth_extra.TestAuthAdditionalFlows" name="test_resend_confirmation_get_for_unconfirmed_user_raises_for_missing_template" time="0.790" /><testcase classname="tests.test_auth_extra.TestAuthAdditionalFlows" name="test_resend_confirmation_post_sends_email_and_redirects" time="0.641" /><testcase classname="tests.test_auth_extra.TestAuthAdditionalFlows" name="test_request_password_reset_redirects_logged_in_users" time="0.626" /><testcase classname="tests.test_auth_extra.TestAuthAdditionalFlows" name="test_request_password_reset_for_existing_user" time="0.363" /><testcase classname="tests.test_auth_extra.TestAuthAdditionalFlows" name="test_reset_password_invalid_code_forbidden" time="0.354" /><testcase classname="tests.test_auth_extra.TestAuthAdditionalFlows" name="test_reset_password_valid_code_updates_user" time="0.354" /><testcase classname="tests.test_auth_extra.TestAuthAdditionalFlows" name="test_reauth_post_with_valid_credentials_redirects_settings" time="0.546" /><testcase classname="tests.test_auth_extra.TestAuthAdditionalFlows" name="test_join_team_returns_404_for_non_matching_user" time="0.747" /><testcase classname="tests.test_auth_extra.TestAuthAdditionalFlows" name="test_join_team_activates_invite_for_owner" time="0.643" /><testcase classname="tests.test_auth_extra.TestAuthAdditionalFlows" name="test_invite_page_renders_for_guest_user" time="0.480" /><testcase classname="tests.test_auth_extra.TestAuthAdditionalFlows" name="test_invite_page_rejects_wrong_secret" time="0.549" /><testcase classname="tests.test_auth_extra.TestAuthAdditionalFlows" name="test_invite_page_redirects_owner_to_join" time="0.646" /><testcase classname="tests.test_config.TestConfig" name="test_dev_config" time="0.062" /><testcase classname="tests.test_config.TestConfig" name="test_test_config" time="0.066" /><testcase classname="tests.test_config.TestConfig" name="test_prod_config" time="0.059" /><testcase classname="tests.test_dashboard_actions.TestDashboardActions" name="test_dashboard_home_redirects_to_memberships_when_user_has_no_active_team" time="0.833" /><testcase classname="tests.test_dashboard_actions.TestDashboardActions" name="test_dashboard_home_404_for_team_non_member" time="0.726" /><testcase classname="tests.test_dashboard_actions.TestDashboardActions" name="test_team_dashboard_redirects_home_when_user_has_no_primary_membership" time="0.624" /><testcase classname="tests.test_dashboard_actions.TestDashboardActions" name="test_team_dashboard_404_for_team_non_member" time="0.827" /><testcase classname="tests.test_dashboard_actions.TestDashboardActions" name="test_add_member_404_for_invalid_team" time="0.757" /><testcase classname="tests.test_dashboard_actions.TestDashboardActions" name="test_add_member_blocks_when_plan_limit_reached" time="0.636" /><testcase classname="tests.test_dashboard_actions.TestDashboardActions" name="test_add_member_invalid_form_redirects" time="0.617" /><testcase classname="tests.test_dashboard_actions.TestDashboardActions" name="test_add_member_creates_invite" time="0.736" /><testcase classname="tests.test_dashboard_actions.TestDashboardActions" name="test_add_member_skips_existing_member" time="0.612" /><testcase classname="tests.test_dashboard_actions.TestDashboardActions" name="test_billing_portal_redirects_to_customer_portal" time="0.635" /><testcase classname="tests.test_dashboard_actions.TestDashboardActions" name="test_billing_portal_falls_back_to_settings_without_customer" time="0.619" /><testcase classname="tests.test_dashboard_actions.TestDashboardActions" name="test_billing_portal_404_for_invalid_team" time="0.780" /><testcase classname="tests.test_dashboard_actions.TestDashboardActions" name="test_remove_member_404_when_membership_not_found" time="0.754" /><testcase classname="tests.test_dashboard_actions.TestDashboardActions" name="test_remove_creator_is_blocked" time="0.814" /><testcase classname="tests.test_dashboard_actions.TestDashboardActions" name="test_remove_member_invalid_form_redirects" time="0.826" /><testcase classname="tests.test_dashboard_actions.TestDashboardActions" name="test_remove_pending_member_deletes_membership" time="0.644" /><testcase classname="tests.test_dashboard_actions.TestDashboardActions" name="test_remove_last_active_user_is_blocked" time="0.627" /><testcase classname="tests.test_dashboard_actions.TestDashboardActions" name="test_add_file_creates_team_file_record" time="0.695" /><testcase classname="tests.test_dashboard_actions.TestDashboardActions" name="test_files_dashboard_redirects_home_when_user_has_no_primary_membership" time="0.816" /><testcase classname="tests.test_dashboard_actions.TestDashboardActions" name="test_files_dashboard_404_for_team_non_member" time="0.782" /><testcase classname="tests.test_dashboard_actions.TestDashboardActions" name="test_add_file_404_for_invalid_team" time="0.788" /><testcase classname="tests.test_dashboard_actions.TestDashboardActions" name="test_add_file_invalid_form_raises_type_error" time="0.769" /><testcase classname="tests.test_dashboard_actions.TestDashboardActions" name="test_download_file_redirects_to_storage_url" time="0.689" /><testcase classname="tests.test_dashboard_actions.TestDashboardActions" name="test_download_file_404_when_storage_returns_none" time="0.811" /><testcase classname="tests.test_dashboard_actions.TestDashboardActions" name="test_destroy_file_404_for_invalid_team" time="0.815" /><testcase classname="tests.test_dashboard_actions.TestDashboardActions" name="test_destroy_file_removes_file_and_storage_object" time="0.993" /><testcase classname="tests.test_dashboard_actions.TestDashboardActions" name="test_destroy_file_removes_db_record_when_storage_object_missing" time="0.740" /><testcase classname="tests.test_login.TestLogin" name="test_login" time="0.769" /><testcase classname="tests.test_login.TestLogin" name="test_login_bad_email" time="0.456" /><testcase classname="tests.test_login.TestLogin" name="test_login_bad_password" time="0.570" /><testcase classname="tests.test_login_flow.TestLoginFlow" name="test_login_redirect_and_session_persistence" time="0.851" /><testcase classname="tests.test_roles_session_admin.TestAdminJobsAuth" name="test_jobs_dashboard_requires_authentication" time="0.387" /><testcase classname="tests.test_roles_session_admin.TestAdminJobsAuth" name="test_jobs_dashboard_for_non_admin_returns_403" time="0.722" /><testcase classname="tests.test_roles_session_admin.TestSessionHelper" name="test_current_membership_defaults_to_first_active_membership" time="0.376" /><testcase classname="tests.test_roles_session_admin.TestSessionHelper" name="test_current_membership_returns_selected_membership" time="0.361" /><testcase classname="tests.test_roles_session_admin.TestSessionHelper" name="test_current_membership_redirects_when_session_membership_is_invalid" time="0.351" /><testcase classname="tests.test_services_billing_utils.TestGDPRExport" name="test_export_user_pii_json_includes_user_and_related_models" time="0.393" /><testcase classname="tests.test_services_billing_utils.TestGDPRExport" name="test_export_denies_non_admin_requesting_other_user" time="0.362" /><testcase classname="tests.test_services_billing_utils.TestGDPRExport" name="test_send_pii_export_builds_mail_with_attachment" time="0.497" /><testcase classname="tests.test_services_billing_utils.TestStripeService" name="test_create_customer_returns_existing_customer_id" time="0.356" /><testcase classname="tests.test_services_billing_utils.TestStripeService" name="test_create_customer_creates_and_persists_id" time="0.377" /><testcase classname="tests.test_services_billing_utils.TestStripeService" name="test_customer_portal_link" time="0.382" /><testcase classname="tests.test_services_billing_utils.TestStripeService" name="test_usage_reporting_and_subscription_item_listing" time="0.371" /><testcase classname="tests.test_services_billing_utils.TestStripeService" name="test_parse_webhook_uses_signature_header" time="0.422" /><testcase classname="tests.test_services_billing_utils.TestBillingPlans" name="test_free_plan_member_limit" time="0.370" /><testcase classname="tests.test_services_billing_utils.TestBillingPlans" name="test_metered_plan_records_usage" time="0.369" /><testcase classname="tests.test_services_billing_utils.TestBillingPlans" name="test_metered_plan_raises_when_subscription_item_missing" time="0.349" /><testcase classname="tests.test_services_billing_utils.TestBillingPlans" name="test_set_team_plan_updates_team_value" time="0.348" /><testcase classname="tests.test_services_billing_utils.TestUtilsAndMailers" name="test_math_helpers" time="0.343" /><testcase classname="tests.test_services_billing_utils.TestUtilsAndMailers" name="test_text_pluralize" time="0.324" /><testcase classname="tests.test_services_billing_utils.TestUtilsAndMailers" name="test_time_helpers" time="0.350" /><testcase classname="tests.test_services_billing_utils.TestUtilsAndMailers" name="test_token_helpers" time="0.341" /><testcase classname="tests.test_services_billing_utils.TestUtilsAndMailers" name="test_notification_mailer_send_renders_and_delivers" time="0.342" /><testcase classname="tests.test_signup_dashboard.TestSignupAndDashboard" name="test_signup_page_loads" time="0.592" /><testcase classname="tests.test_signup_dashboard.TestSignupAndDashboard" name="test_signup_creates_user_and_lands_on_dashboard" time="0.792" /><testcase classname="tests.test_signup_dashboard.TestSignupAndDashboard" name="test_signup_rejects_duplicate_email" time="0.501" /><testcase classname="tests.test_signup_dashboard.TestSignupAndDashboard" name="test_dashboard_home_loads_for_logged_in_user" time="0.703" /><testcase classname="tests.test_signup_dashboard.TestSignupAndDashboard" name="test_dashboard_team_page_loads_for_logged_in_user" time="0.727" /><testcase classname="tests.test_signup_dashboard.TestSignupAndDashboard" name="test_dashboard_files_page_loads_for_logged_in_user" time="0.709" /><testcase classname="tests.test_team.TestTeam" name="test_user_creation_of_team" time="0.246" /><testcase classname="tests.test_urls.TestURLs" name="test_home" time="0.480" /><testcase classname="tests.test_urls.TestURLs" name="test_login" time="0.566" /><testcase classname="tests.test_urls.TestURLs" name="test_logout" time="0.383" /><testcase classname="tests.test_urls.TestURLs" name="test_signup" time="0.507" /><testcase classname="tests.test_urls.TestURLs" name="test_dashboard_logged_out" time="0.354" /><testcase classname="tests.test_user.TestModels" name="test_user_save" time="0.444" /><testcase classname="tests.test_user.TestModels" name="test_user_password" time="0.528" /><testcase classname="tests.test_user.TestModels" name="test_user_group_creation" time="0.435" /><testcase classname="tests.test_user.TestModels" name="test_user_encryption" time="0.474" /><testcase classname="tests.test_user.TestModels" name="test_get_or_none_respects_soft_delete" time="0.499" /><testcase classname="tests.test_user.TestModels" name="test_query_with_deleted_can_fetch_deleted_rows" time="0.544" /><testcase classname="tests.test_user.TestModels" name="test_query_with_deleted_requires_identifier" time="0.389" /><testcase classname="tests.test_user.TestModels" name="test_model_serialization_and_delete_paths" time="0.533" /><testcase classname="tests.test_user.TestModels" name="test_transaction_rolls_back_on_exception" time="0.417" /></testsuite></testsuites>